0 info it worked if it ends with ok
1 verbose cli [ 'node', '/usr/local/bin/npm', 'uninstall', 'karma' ]
2 info using npm@1.4.28
3 info using node@v0.10.33
4 verbose node_modules/karma unbuild
5 info preuninstall karma@0.10.10
6 info uninstall karma@0.10.10
7 verbose true,/Users/genomicsengland/ModelCataloguePlugin/ModelCatalogueCorePlugin/node_modules,/Users/genomicsengland/ModelCataloguePlugin/ModelCatalogueCorePlugin/node_modules unbuild karma@0.10.10
8 verbose /Users/genomicsengland/ModelCataloguePlugin/ModelCatalogueCorePlugin/node_modules/.bin,[object Object] binRoot
9 info postuninstall karma@0.10.10
10 error Error: EACCES, unlink '/Users/genomicsengland/ModelCataloguePlugin/ModelCatalogueCorePlugin/node_modules/karma/node_modules/.bin/cake'
10 error  { [Error: EACCES, unlink '/Users/genomicsengland/ModelCataloguePlugin/ModelCatalogueCorePlugin/node_modules/karma/node_modules/.bin/cake']
10 error   errno: 3,
10 error   code: 'EACCES',
10 error   path: '/Users/genomicsengland/ModelCataloguePlugin/ModelCatalogueCorePlugin/node_modules/karma/node_modules/.bin/cake' }
11 error Please try running this command again as root/Administrator.
12 error System Darwin 14.0.0
13 error command "node" "/usr/local/bin/npm" "uninstall" "karma"
14 error cwd /Users/genomicsengland/ModelCataloguePlugin/ModelCatalogueCorePlugin
15 error node -v v0.10.33
16 error npm -v 1.4.28
17 error path /Users/genomicsengland/ModelCataloguePlugin/ModelCatalogueCorePlugin/node_modules/karma/node_modules/.bin/cake
18 error code EACCES
19 error errno 3
20 error stack Error: EACCES, unlink '/Users/genomicsengland/ModelCataloguePlugin/ModelCatalogueCorePlugin/node_modules/karma/node_modules/.bin/cake'
21 verbose exit [ 3, true ]
